<?xml version="1.0" encoding="UTF-8"?>
<!-- Generated by org.testng.reporters.JUnitReportReporter -->
<testsuite hostname="DESKTOP-9SVVQO2" failures="0" tests="3" name="testNG.WorkWithDataprovider" time="90.604" errors="0" timestamp="10 Jun 2018 20:11:17 GMT" skipped="0">
  <testcase classname="testNG.WorkWithDataprovider" name="login" time="29.655"/>
  <testcase classname="testNG.WorkWithDataprovider" name="login" time="26.972"/>
  <testcase classname="testNG.WorkWithDataprovider" name="login" time="33.977"/>
</testsuite> <!-- testNG.WorkWithDataprovider -->
