<?xml version="1.0" encoding="UTF-8"?>
<!-- Generated by org.testng.reporters.JUnitReportReporter -->
<testsuite hostname="DESKTOP-9SVVQO2" failures="0" tests="2" name="testNG.NewTours" time="16.729" errors="0" timestamp="19 Jul 2018 15:51:40 GMT" skipped="0">
  <testcase classname="testNG.NewTours" name="loginToFacebook" time="9.187"/>
  <testcase classname="testNG.NewTours" name="openBrowser" time="7.542"/>
</testsuite> <!-- testNG.NewTours -->
