<?xml version="1.0" encoding="UTF-8"?>
<!-- Generated by org.testng.reporters.JUnitReportReporter -->
<testsuite hostname="DESKTOP-9SVVQO2" failures="0" tests="2" name="testNG.CrossBrowser" time="95.723" errors="0" timestamp="05 Aug 2018 20:25:21 GMT" skipped="0">
  <testcase classname="testNG.CrossBrowser" name="verifyPageTitle" time="65.989"/>
  <testcase classname="testNG.CrossBrowser" name="verifyPageTitle" time="29.734"/>
</testsuite> <!-- testNG.CrossBrowser -->
