<?xml version="1.0" encoding="UTF-8"?>
<!-- Generated by org.testng.reporters.JUnitReportReporter -->
<testsuite hostname="DESKTOP-9SVVQO2" failures="0" tests="3" name="listenerDemo.WorkWithDataprovider" time="49.309" errors="0" timestamp="19 Jul 2018 16:49:33 GMT" skipped="0">
  <testcase classname="listenerDemo.WorkWithDataprovider" name="login" time="13.605"/>
  <testcase classname="listenerDemo.WorkWithDataprovider" name="login" time="15.688"/>
  <testcase classname="listenerDemo.WorkWithDataprovider" name="login" time="20.016"/>
</testsuite> <!-- listenerDemo.WorkWithDataprovider -->
