<?xml version="1.0" encoding="UTF-8"?>
<!-- Generated by org.testng.reporters.JUnitReportReporter -->
<testsuite hostname="DESKTOP-9SVVQO2" failures="0" tests="2" name="testNG.DependsOnMethods" time="32.477" errors="0" timestamp="05 Aug 2018 20:14:50 GMT" skipped="0">
  <testcase classname="testNG.DependsOnMethods" name="openBrowser" time="20.931"/>
  <testcase classname="testNG.DependsOnMethods" name="loginToFacebook" time="11.546"/>
</testsuite> <!-- testNG.DependsOnMethods -->
